[debug] [2023-09-04T16:16:40.953Z] ----------------------------------------------------------------------
[debug] [2023-09-04T16:16:40.956Z] Command:       C:\Program Files\nodejs\node.exe C:\Users\kisam\AppData\Roaming\npm\node_modules\firebase-tools\lib\bin\firebase.js init
[debug] [2023-09-04T16:16:40.957Z] CLI Version:   12.5.2
[debug] [2023-09-04T16:16:40.957Z] Platform:      win32
[debug] [2023-09-04T16:16:40.958Z] Node Version:  v18.17.1
[debug] [2023-09-04T16:16:40.959Z] Time:          Mon Sep 04 2023 12:16:40 GMT-0400 (heure normale de l’Atlantique)
[debug] [2023-09-04T16:16:40.960Z] ----------------------------------------------------------------------
[debug] 
[debug] [2023-09-04T16:16:40.968Z] > command requires scopes: ["email","openid","https://www.googleapis.com/auth/cloudplatformprojects.readonly","https://www.googleapis.com/auth/firebase","https://www.googleapis.com/auth/cloud-platform"]
[debug] [2023-09-04T16:16:40.969Z] > authorizing via signed-in user (kisama972@gmail.com)
[info] 
     ######## #### ########  ######## ########     ###     ######  ########
     ##        ##  ##     ## ##       ##     ##  ##   ##  ##       ##
     ######    ##  ########  ######   ########  #########  ######  ######
     ##        ##  ##    ##  ##       ##     ## ##     ##       ## ##
     ##       #### ##     ## ######## ########  ##     ##  ######  ########

You're about to initialize a Firebase project in this directory:

  C:\www\00-PROJETS\steeven-portfolio

Before we get started, keep in mind:

  * You are currently outside your home directory

